[12-Feb-2020 18:51:21 UTC] PHP Warning:  An unexpected error occurred. Something may be wrong with WordPress.org or this server&#8217;s configuration. If you continue to have problems, please try the <a href="https://wordpress.org/support/forums/">support forums</a>. (WordPress could not establish a secure connection to WordPress.org. Please contact your server administrator.) in C:\Users\jason\gitprojects\ardi-website\wp-includes\update.php on line 577
[12-Feb-2020 19:27:14 UTC] PHP Warning:  An unexpected error occurred. Something may be wrong with WordPress.org or this server&#8217;s configuration. If you continue to have problems, please try the <a href="https://wordpress.org/support/forums/">support forums</a>. (WordPress could not establish a secure connection to WordPress.org. Please contact your server administrator.) in C:\Users\jason\gitprojects\ardi-website\wp-includes\update.php on line 162
[12-Feb-2020 21:36:17 UTC] PHP Warning:  count(): Parameter must be an array or an object that implements Countable in C:\Users\jason\gitprojects\ardi-website\wp-includes\post-template.php on line 316
[12-Feb-2020 21:36:17 UTC] PHP Notice:  Trying to access array offset on value of type null in C:\Users\jason\gitprojects\ardi-website\wp-includes\post-template.php on line 321
[12-Feb-2020 21:37:10 UTC] PHP Warning:  count(): Parameter must be an array or an object that implements Countable in C:\Users\jason\gitprojects\ardi-website\wp-includes\post-template.php on line 316
[12-Feb-2020 21:37:10 UTC] PHP Notice:  Trying to access array offset on value of type null in C:\Users\jason\gitprojects\ardi-website\wp-includes\post-template.php on line 321
[12-Feb-2020 23:11:43 UTC] PHP Warning:  An unexpected error occurred. Something may be wrong with WordPress.org or this server&#8217;s configuration. If you continue to have problems, please try the <a href="https://wordpress.org/support/forums/">support forums</a>. (WordPress could not establish a secure connection to WordPress.org. Please contact your server administrator.) in C:\Users\jason\gitprojects\ardi-website\wp-includes\update.php on line 388
[12-Feb-2020 23:14:27 UTC] PHP Warning:  An unexpected error occurred. Something may be wrong with WordPress.org or this server&#8217;s configuration. If you continue to have problems, please try the <a href="https://wordpress.org/support/forums/">support forums</a>. (WordPress could not establish a secure connection to WordPress.org. Please contact your server administrator.) in C:\Users\jason\gitprojects\ardi-website\wp-admin\includes\plugin-install.php on line 182
[12-Feb-2020 23:22:15 UTC] PHP Warning:  An unexpected error occurred. Something may be wrong with WordPress.org or this server&#8217;s configuration. If you continue to have problems, please try the <a href="https://wordpress.org/support/forums/">support forums</a>. (WordPress could not establish a secure connection to WordPress.org. Please contact your server administrator.) in C:\Users\jason\gitprojects\ardi-website\wp-admin\includes\plugin-install.php on line 182
[12-Feb-2020 23:46:24 UTC] PHP Parse error:  syntax error, unexpected '<' in C:\Users\jason\gitprojects\ardi-website\wp-content\themes\adrinstitute\front-page.php on line 6
[12-Feb-2020 23:47:04 UTC] PHP Parse error:  syntax error, unexpected 'print_r' (T_STRING), expecting ';' or ',' in C:\Users\jason\gitprojects\ardi-website\wp-content\themes\adrinstitute\front-page.php on line 6
[12-Feb-2020 23:47:23 UTC] PHP Notice:  Undefined offset: 1 in C:\Users\jason\gitprojects\ardi-website\wp-includes\class-wp-query.php on line 3252
[13-Feb-2020 00:33:49 UTC] PHP Warning:  An unexpected error occurred. Something may be wrong with WordPress.org or this server&#8217;s configuration. If you continue to have problems, please try the <a href="https://wordpress.org/support/forums/">support forums</a>. (WordPress could not establish a secure connection to WordPress.org. Please contact your server administrator.) in C:\Users\jason\gitprojects\ardi-website\wp-includes\update.php on line 388
[14-Feb-2020 20:21:42 UTC] PHP Warning:  An unexpected error occurred. Something may be wrong with WordPress.org or this server&#8217;s configuration. If you continue to have problems, please try the <a href="https://wordpress.org/support/forums/">support forums</a>. (WordPress could not establish a secure connection to WordPress.org. Please contact your server administrator.) in C:\Users\jason\gitprojects\ardi-website\wp-includes\update.php on line 162
[15-Feb-2020 02:36:22 UTC] PHP Parse error:  syntax error, unexpected end of file in C:\Users\jason\gitprojects\ardi-website\wp-content\themes\adrinstitute\front-page.php on line 114
[15-Feb-2020 02:36:36 UTC] PHP Parse error:  syntax error, unexpected end of file in C:\Users\jason\gitprojects\ardi-website\wp-content\themes\adrinstitute\front-page.php on line 114
[15-Feb-2020 02:38:12 UTC] PHP Notice:  Trying to access array offset on value of type bool in C:\Users\jason\gitprojects\ardi-website\wp-content\plugins\advanced-custom-fields\includes\api\api-template.php on line 499
[15-Feb-2020 02:38:47 UTC] PHP Notice:  Trying to access array offset on value of type bool in C:\Users\jason\gitprojects\ardi-website\wp-content\plugins\advanced-custom-fields\includes\api\api-template.php on line 499
[15-Feb-2020 02:39:18 UTC] PHP Notice:  Trying to access array offset on value of type bool in C:\Users\jason\gitprojects\ardi-website\wp-content\plugins\advanced-custom-fields\includes\api\api-template.php on line 499
[15-Feb-2020 02:39:21 UTC] PHP Notice:  Trying to access array offset on value of type bool in C:\Users\jason\gitprojects\ardi-website\wp-content\plugins\advanced-custom-fields\includes\api\api-template.php on line 499
[15-Feb-2020 02:42:23 UTC] PHP Notice:  Trying to access array offset on value of type int in C:\Users\jason\gitprojects\ardi-website\wp-content\themes\adrinstitute\front-page.php on line 42
[15-Feb-2020 02:44:55 UTC] PHP Warning:  Illegal string offset 'url' in C:\Users\jason\gitprojects\ardi-website\wp-content\themes\adrinstitute\front-page.php on line 42
[15-Feb-2020 02:58:39 UTC] PHP Warning:  Illegal string offset 'url' in C:\Users\jason\gitprojects\ardi-website\wp-content\themes\adrinstitute\front-page.php on line 57
[15-Feb-2020 02:58:39 UTC] PHP Warning:  Illegal string offset 'alt' in C:\Users\jason\gitprojects\ardi-website\wp-content\themes\adrinstitute\front-page.php on line 57
[15-Feb-2020 02:58:39 UTC] PHP Warning:  Illegal string offset 'url' in C:\Users\jason\gitprojects\ardi-website\wp-content\themes\adrinstitute\front-page.php on line 89
[15-Feb-2020 02:58:39 UTC] PHP Warning:  Illegal string offset 'alt' in C:\Users\jason\gitprojects\ardi-website\wp-content\themes\adrinstitute\front-page.php on line 89
[15-Feb-2020 03:40:00 UTC] PHP Parse error:  syntax error, unexpected 'echo' (T_ECHO) in C:\Users\jason\gitprojects\ardi-website\wp-content\themes\adrinstitute\front-page.php on line 38
[15-Feb-2020 03:41:08 UTC] PHP Parse error:  syntax error, unexpected 'echo' (T_ECHO) in C:\Users\jason\gitprojects\ardi-website\wp-content\themes\adrinstitute\front-page.php on line 38
[15-Feb-2020 03:41:10 UTC] PHP Parse error:  syntax error, unexpected 'echo' (T_ECHO) in C:\Users\jason\gitprojects\ardi-website\wp-content\themes\adrinstitute\front-page.php on line 38
